{"message":"cannot find type `APIResponse` in this scope","code":{"code":"E0412","explanation":"A used type name is not in scope.\n\nErroneous code examples:\n\n```compile_fail,E0412\nimpl Something {} // error: type name `Something` is not in scope\n\n// or:\n\ntrait Foo {\n    fn bar(N); // error: type name `N` is not in scope\n}\n\n// or:\n\nfn foo(x: T) {} // type name `T` is not in scope\n```\n\nTo fix this error, please verify you didn't misspell the type name, you did\ndeclare it or imported it into the scope. Examples:\n\n```\nstruct Something;\n\nimpl Something {} // ok!\n\n// or:\n\ntrait Foo {\n    type N;\n\n    fn bar(_: Self::N); // ok!\n}\n\n// or:\n\nfn foo<T>(x: T) {} // ok!\n```\n\nAnother case that causes this error is when a type is imported into a parent\nmodule. To fix this, you can follow the suggestion and use File directly or\n`use super::File;` which will import the types from the parent namespace. An\nexample that causes this error is below:\n\n```compile_fail,E0412\nuse std::fs::File;\n\nmod foo {\n    fn some_function(f: File) {}\n}\n```\n\n```\nuse std::fs::File;\n\nmod foo {\n    // either\n    use super::File;\n    // or\n    // use std::fs::File;\n    fn foo(f: File) {}\n}\n# fn main() {} // don't insert it for us; that'll break imports\n```\n"},"level":"error","spans":[{"file_name":"src/apstra_client.rs","byte_start":2874,"byte_end":2885,"line_start":83,"line_end":83,"column_start":39,"column_end":50,"is_primary":true,"text":[{"text":"                match response.json::<APIResponse>().await {","highlight_start":39,"highlight_end":50}],"label":"not found in this scope","suggested_replacement":null,"suggestion_applicability":null,"expansion":null}],"children":[{"message":"you might be missing a type parameter","code":null,"level":"help","spans":[{"file_name":"src/apstra_client.rs","byte_start":94,"byte_end":94,"line_start":7,"line_end":7,"column_start":5,"column_end":5,"is_primary":true,"text":[{"text":"impl Client {","highlight_start":5,"highlight_end":5}],"label":null,"suggested_replacement":"<APIResponse>","suggestion_applicability":"MaybeIncorrect","expansion":null}],"children":[],"rendered":null}],"rendered":"\u001b[0m\u001b[1m\u001b[38;5;9merror[E0412]\u001b[0m\u001b[0m\u001b[1m: cannot find type `APIResponse` in this scope\u001b[0m\n\u001b[0m  \u001b[0m\u001b[0m\u001b[1m\u001b[38;5;12m--> \u001b[0m\u001b[0msrc/apstra_client.rs:83:39\u001b[0m\n\u001b[0m   \u001b[0m\u001b[0m\u001b[1m\u001b[38;5;12m|\u001b[0m\n\u001b[0m\u001b[1m\u001b[38;5;12m83\u001b[0m\u001b[0m \u001b[0m\u001b[0m\u001b[1m\u001b[38;5;12m|\u001b[0m\u001b[0m \u001b[0m\u001b[0m                match response.json::<APIResponse>().await {\u001b[0m\n\u001b[0m   \u001b[0m\u001b[0m\u001b[1m\u001b[38;5;12m| \u001b[0m\u001b[0m                                      \u001b[0m\u001b[0m\u001b[1m\u001b[38;5;9m^^^^^^^^^^^\u001b[0m\u001b[0m \u001b[0m\u001b[0m\u001b[1m\u001b[38;5;9mnot found in this scope\u001b[0m\n\u001b[0m   \u001b[0m\u001b[0m\u001b[1m\u001b[38;5;12m|\u001b[0m\n\u001b[0m\u001b[1m\u001b[38;5;14mhelp\u001b[0m\u001b[0m: you might be missing a type parameter\u001b[0m\n\u001b[0m   \u001b[0m\u001b[0m\u001b[1m\u001b[38;5;12m|\u001b[0m\n\u001b[0m\u001b[1m\u001b[38;5;12m7\u001b[0m\u001b[0m  \u001b[0m\u001b[0m\u001b[1m\u001b[38;5;12m| \u001b[0m\u001b[0mimpl\u001b[0m\u001b[0m\u001b[38;5;10m<APIResponse>\u001b[0m\u001b[0m Client {\u001b[0m\n\u001b[0m   \u001b[0m\u001b[0m\u001b[1m\u001b[38;5;12m|\u001b[0m\u001b[0m     \u001b[0m\u001b[0m\u001b[38;5;10m+++++++++++++\u001b[0m\n\n"}
{"message":"cannot find tuple struct or tuple variant `OK` in this scope","code":{"code":"E0531","explanation":"An unknown tuple struct/variant has been used.\n\nErroneous code example:\n\n```compile_fail,E0531\nlet Type(x) = Type(12); // error!\nmatch Bar(12) {\n    Bar(x) => {} // error!\n    _ => {}\n}\n```\n\nIn most cases, it's either a forgotten import or a typo. However, let's look at\nhow you can have such a type:\n\n```edition2018\nstruct Type(u32); // this is a tuple struct\n\nenum Foo {\n    Bar(u32), // this is a tuple variant\n}\n\nuse Foo::*; // To use Foo's variant directly, we need to import them in\n            // the scope.\n```\n\nEither way, it should work fine with our previous code:\n\n```edition2018\nstruct Type(u32);\n\nenum Foo {\n    Bar(u32),\n}\nuse Foo::*;\n\nlet Type(x) = Type(12); // ok!\nmatch Type(12) {\n    Type(x) => {} // ok!\n    _ => {}\n}\n```\n"},"level":"error","spans":[{"file_name":"/Users/ckim/.rustup/toolchains/stable-x86_64-apple-darwin/lib/rustlib/src/rust/library/core/src/result.rs","byte_start":18432,"byte_end":18434,"line_start":507,"line_end":507,"column_start":5,"column_end":7,"is_primary":false,"text":[{"text":"    Ok(#[stable(feature = \"rust1\", since = \"1.0.0\")] T),","highlight_start":5,"highlight_end":7}],"label":"similarly named tuple variant `Ok` defined here","suggested_replacement":null,"suggestion_applicability":null,"expansion":null},{"file_name":"src/apstra_client.rs","byte_start":2917,"byte_end":2919,"line_start":84,"line_end":84,"column_start":21,"column_end":23,"is_primary":true,"text":[{"text":"                    OK(parsed) => println!(\"Success! {:?}\", parsed),","highlight_start":21,"highlight_end":23}],"label":null,"suggested_replacement":null,"suggestion_applicability":null,"expansion":null}],"children":[{"message":"a tuple variant with a similar name exists","code":null,"level":"help","spans":[{"file_name":"src/apstra_client.rs","byte_start":2917,"byte_end":2919,"line_start":84,"line_end":84,"column_start":21,"column_end":23,"is_primary":true,"text":[{"text":"                    OK(parsed) => println!(\"Success! {:?}\", parsed),","highlight_start":21,"highlight_end":23}],"label":null,"suggested_replacement":"Ok","suggestion_applicability":"MaybeIncorrect","expansion":null}],"children":[],"rendered":null}],"rendered":"\u001b[0m\u001b[1m\u001b[38;5;9merror[E0531]\u001b[0m\u001b[0m\u001b[1m: cannot find tuple struct or tuple variant `OK` in this scope\u001b[0m\n\u001b[0m   \u001b[0m\u001b[0m\u001b[1m\u001b[38;5;12m--> \u001b[0m\u001b[0msrc/apstra_client.rs:84:21\u001b[0m\n\u001b[0m    \u001b[0m\u001b[0m\u001b[1m\u001b[38;5;12m|\u001b[0m\n\u001b[0m\u001b[1m\u001b[38;5;12m84\u001b[0m\u001b[0m  \u001b[0m\u001b[0m\u001b[1m\u001b[38;5;12m|\u001b[0m\u001b[0m \u001b[0m\u001b[0m                    OK(parsed) => println!(\"Success! {:?}\", parsed),\u001b[0m\n\u001b[0m    \u001b[0m\u001b[0m\u001b[1m\u001b[38;5;12m| \u001b[0m\u001b[0m                    \u001b[0m\u001b[0m\u001b[1m\u001b[38;5;9m^^\u001b[0m\u001b[0m \u001b[0m\u001b[0m\u001b[1m\u001b[38;5;9mhelp: a tuple variant with a similar name exists (notice the capitalization): `Ok`\u001b[0m\n\u001b[0m    \u001b[0m\u001b[0m\u001b[1m\u001b[38;5;12m|\u001b[0m\n\u001b[0m   \u001b[0m\u001b[0m\u001b[1m\u001b[38;5;12m::: \u001b[0m\u001b[0m/Users/ckim/.rustup/toolchains/stable-x86_64-apple-darwin/lib/rustlib/src/rust/library/core/src/result.rs:507:5\u001b[0m\n\u001b[0m    \u001b[0m\u001b[0m\u001b[1m\u001b[38;5;12m|\u001b[0m\n\u001b[0m\u001b[1m\u001b[38;5;12m507\u001b[0m\u001b[0m \u001b[0m\u001b[0m\u001b[1m\u001b[38;5;12m|\u001b[0m\u001b[0m \u001b[0m\u001b[0m    Ok(#[stable(feature = \"rust1\", since = \"1.0.0\")] T),\u001b[0m\n\u001b[0m    \u001b[0m\u001b[0m\u001b[1m\u001b[38;5;12m| \u001b[0m\u001b[0m    \u001b[0m\u001b[0m\u001b[1m\u001b[38;5;12m--\u001b[0m\u001b[0m \u001b[0m\u001b[0m\u001b[1m\u001b[38;5;12msimilarly named tuple variant `Ok` defined here\u001b[0m\n\n"}
{"message":"no method named `status` found for enum `Result` in the current scope","code":{"code":"E0599","explanation":"This error occurs when a method is used on a type which doesn't implement it:\n\nErroneous code example:\n\n```compile_fail,E0599\nstruct Mouth;\n\nlet x = Mouth;\nx.chocolate(); // error: no method named `chocolate` found for type `Mouth`\n               //        in the current scope\n```\n\nIn this case, you need to implement the `chocolate` method to fix the error:\n\n```\nstruct Mouth;\n\nimpl Mouth {\n    fn chocolate(&self) { // We implement the `chocolate` method here.\n        println!(\"Hmmm! I love chocolate!\");\n    }\n}\n\nlet x = Mouth;\nx.chocolate(); // ok!\n```\n"},"level":"error","spans":[{"file_name":"src/apstra_client.rs","byte_start":2784,"byte_end":2790,"line_start":81,"line_end":81,"column_start":24,"column_end":30,"is_primary":true,"text":[{"text":"        match response.status() {","highlight_start":24,"highlight_end":30}],"label":"method not found in `Result<String, Error>`","suggested_replacement":null,"suggestion_applicability":null,"expansion":null}],"children":[{"message":"the method `status` exists on the type `reqwest::Error`","code":null,"level":"note","spans":[{"file_name":"/Users/ckim/.cargo/registry/src/github.com-1ecc6299db9ec823/reqwest-0.11.15/src/error.rs","byte_start":4181,"byte_end":4223,"line_start":148,"line_end":148,"column_start":5,"column_end":47,"is_primary":true,"text":[{"text":"    pub fn status(&self) -> Option<StatusCode> {","highlight_start":5,"highlight_end":47}],"label":null,"suggested_replacement":null,"suggestion_applicability":null,"expansion":null}],"children":[],"rendered":null},{"message":"use the `?` operator to extract the `reqwest::Error` value, propagating a `Result::Err` value to the caller","code":null,"level":"help","spans":[{"file_name":"src/apstra_client.rs","byte_start":2783,"byte_end":2783,"line_start":81,"line_end":81,"column_start":23,"column_end":23,"is_primary":true,"text":[{"text":"        match response.status() {","highlight_start":23,"highlight_end":23}],"label":null,"suggested_replacement":"?","suggestion_applicability":"MachineApplicable","expansion":null}],"children":[],"rendered":null}],"rendered":"\u001b[0m\u001b[1m\u001b[38;5;9merror[E0599]\u001b[0m\u001b[0m\u001b[1m: no method named `status` found for enum `Result` in the current scope\u001b[0m\n\u001b[0m   \u001b[0m\u001b[0m\u001b[1m\u001b[38;5;12m--> \u001b[0m\u001b[0msrc/apstra_client.rs:81:24\u001b[0m\n\u001b[0m    \u001b[0m\u001b[0m\u001b[1m\u001b[38;5;12m|\u001b[0m\n\u001b[0m\u001b[1m\u001b[38;5;12m81\u001b[0m\u001b[0m  \u001b[0m\u001b[0m\u001b[1m\u001b[38;5;12m|\u001b[0m\u001b[0m \u001b[0m\u001b[0m        match response.status() {\u001b[0m\n\u001b[0m    \u001b[0m\u001b[0m\u001b[1m\u001b[38;5;12m| \u001b[0m\u001b[0m                       \u001b[0m\u001b[0m\u001b[1m\u001b[38;5;9m^^^^^^\u001b[0m\u001b[0m \u001b[0m\u001b[0m\u001b[1m\u001b[38;5;9mmethod not found in `Result<String, Error>`\u001b[0m\n\u001b[0m    \u001b[0m\u001b[0m\u001b[1m\u001b[38;5;12m|\u001b[0m\n\u001b[0m\u001b[1m\u001b[38;5;10mnote\u001b[0m\u001b[0m: the method `status` exists on the type `reqwest::Error`\u001b[0m\n\u001b[0m   \u001b[0m\u001b[0m\u001b[1m\u001b[38;5;12m--> \u001b[0m\u001b[0m/Users/ckim/.cargo/registry/src/github.com-1ecc6299db9ec823/reqwest-0.11.15/src/error.rs:148:5\u001b[0m\n\u001b[0m    \u001b[0m\u001b[0m\u001b[1m\u001b[38;5;12m|\u001b[0m\n\u001b[0m\u001b[1m\u001b[38;5;12m148\u001b[0m\u001b[0m \u001b[0m\u001b[0m\u001b[1m\u001b[38;5;12m|\u001b[0m\u001b[0m \u001b[0m\u001b[0m    pub fn status(&self) -> Option<StatusCode> {\u001b[0m\n\u001b[0m    \u001b[0m\u001b[0m\u001b[1m\u001b[38;5;12m| \u001b[0m\u001b[0m    \u001b[0m\u001b[0m\u001b[1m\u001b[38;5;10m^^^^^^^^^^^^^^^^^^^^^^^^^^^^^^^^^^^^^^^^^^\u001b[0m\n\u001b[0m\u001b[1m\u001b[38;5;14mhelp\u001b[0m\u001b[0m: use the `?` operator to extract the `reqwest::Error` value, propagating a `Result::Err` value to the caller\u001b[0m\n\u001b[0m    \u001b[0m\u001b[0m\u001b[1m\u001b[38;5;12m|\u001b[0m\n\u001b[0m\u001b[1m\u001b[38;5;12m81\u001b[0m\u001b[0m  \u001b[0m\u001b[0m\u001b[1m\u001b[38;5;12m| \u001b[0m\u001b[0m        match response\u001b[0m\u001b[0m\u001b[38;5;10m?\u001b[0m\u001b[0m.status() {\u001b[0m\n\u001b[0m    \u001b[0m\u001b[0m\u001b[1m\u001b[38;5;12m|\u001b[0m\u001b[0m                       \u001b[0m\u001b[0m\u001b[38;5;10m+\u001b[0m\n\n"}
{"message":"no method named `json` found for enum `Result` in the current scope","code":{"code":"E0599","explanation":"This error occurs when a method is used on a type which doesn't implement it:\n\nErroneous code example:\n\n```compile_fail,E0599\nstruct Mouth;\n\nlet x = Mouth;\nx.chocolate(); // error: no method named `chocolate` found for type `Mouth`\n               //        in the current scope\n```\n\nIn this case, you need to implement the `chocolate` method to fix the error:\n\n```\nstruct Mouth;\n\nimpl Mouth {\n    fn chocolate(&self) { // We implement the `chocolate` method here.\n        println!(\"Hmmm! I love chocolate!\");\n    }\n}\n\nlet x = Mouth;\nx.chocolate(); // ok!\n```\n"},"level":"error","spans":[{"file_name":"src/apstra_client.rs","byte_start":2867,"byte_end":2871,"line_start":83,"line_end":83,"column_start":32,"column_end":36,"is_primary":true,"text":[{"text":"                match response.json::<APIResponse>().await {","highlight_start":32,"highlight_end":36}],"label":"method not found in `Result<String, Error>`","suggested_replacement":null,"suggestion_applicability":null,"expansion":null}],"children":[],"rendered":"\u001b[0m\u001b[1m\u001b[38;5;9merror[E0599]\u001b[0m\u001b[0m\u001b[1m: no method named `json` found for enum `Result` in the current scope\u001b[0m\n\u001b[0m  \u001b[0m\u001b[0m\u001b[1m\u001b[38;5;12m--> \u001b[0m\u001b[0msrc/apstra_client.rs:83:32\u001b[0m\n\u001b[0m   \u001b[0m\u001b[0m\u001b[1m\u001b[38;5;12m|\u001b[0m\n\u001b[0m\u001b[1m\u001b[38;5;12m83\u001b[0m\u001b[0m \u001b[0m\u001b[0m\u001b[1m\u001b[38;5;12m|\u001b[0m\u001b[0m \u001b[0m\u001b[0m                match response.json::<APIResponse>().await {\u001b[0m\n\u001b[0m   \u001b[0m\u001b[0m\u001b[1m\u001b[38;5;12m| \u001b[0m\u001b[0m                               \u001b[0m\u001b[0m\u001b[1m\u001b[38;5;9m^^^^\u001b[0m\u001b[0m \u001b[0m\u001b[0m\u001b[1m\u001b[38;5;9mmethod not found in `Result<String, Error>`\u001b[0m\n\n"}
{"message":"mismatched types","code":{"code":"E0308","explanation":"Expected type did not match the received type.\n\nErroneous code examples:\n\n```compile_fail,E0308\nfn plus_one(x: i32) -> i32 {\n    x + 1\n}\n\nplus_one(\"Not a number\");\n//       ^^^^^^^^^^^^^^ expected `i32`, found `&str`\n\nif \"Not a bool\" {\n// ^^^^^^^^^^^^ expected `bool`, found `&str`\n}\n\nlet x: f32 = \"Not a float\";\n//     ---   ^^^^^^^^^^^^^ expected `f32`, found `&str`\n//     |\n//     expected due to this\n```\n\nThis error occurs when an expression was used in a place where the compiler\nexpected an expression of a different type. It can occur in several cases, the\nmost common being when calling a function and passing an argument which has a\ndifferent type than the matching type in the function declaration.\n"},"level":"error","spans":[{"file_name":"src/apstra_client.rs","byte_start":2834,"byte_end":3051,"line_start":82,"line_end":87,"column_start":40,"column_end":14,"is_primary":true,"text":[{"text":"            reqwest::StatusCode::OK => {","highlight_start":40,"highlight_end":41},{"text":"                match response.json::<APIResponse>().await {","highlight_start":1,"highlight_end":61},{"text":"                    OK(parsed) => println!(\"Success! {:?}\", parsed),","highlight_start":1,"highlight_end":69},{"text":"                    Err(_) => println!(\"Hm, error\"),","highlight_start":1,"highlight_end":53},{"text":"                };","highlight_start":1,"highlight_end":19},{"text":"            }","highlight_start":1,"highlight_end":14}],"label":"expected enum `Result`, found `()`","suggested_replacement":null,"suggestion_applicability":null,"expansion":null}],"children":[{"message":"  expected enum `Result<(), reqwest::Error>`\nfound unit type `()`","code":null,"level":"note","spans":[],"children":[],"rendered":null}],"rendered":"\u001b[0m\u001b[1m\u001b[38;5;9merror[E0308]\u001b[0m\u001b[0m\u001b[1m: mismatched types\u001b[0m\n\u001b[0m  \u001b[0m\u001b[0m\u001b[1m\u001b[38;5;12m--> \u001b[0m\u001b[0msrc/apstra_client.rs:82:40\u001b[0m\n\u001b[0m   \u001b[0m\u001b[0m\u001b[1m\u001b[38;5;12m|\u001b[0m\n\u001b[0m\u001b[1m\u001b[38;5;12m82\u001b[0m\u001b[0m \u001b[0m\u001b[0m\u001b[1m\u001b[38;5;12m|\u001b[0m\u001b[0m   \u001b[0m\u001b[0m            reqwest::StatusCode::OK => {\u001b[0m\n\u001b[0m   \u001b[0m\u001b[0m\u001b[1m\u001b[38;5;12m| \u001b[0m\u001b[0m \u001b[0m\u001b[0m\u001b[1m\u001b[38;5;9m________________________________________^\u001b[0m\n\u001b[0m\u001b[1m\u001b[38;5;12m83\u001b[0m\u001b[0m \u001b[0m\u001b[0m\u001b[1m\u001b[38;5;12m|\u001b[0m\u001b[0m \u001b[0m\u001b[0m\u001b[1m\u001b[38;5;9m|\u001b[0m\u001b[0m \u001b[0m\u001b[0m                match response.json::<APIResponse>().await {\u001b[0m\n\u001b[0m\u001b[1m\u001b[38;5;12m84\u001b[0m\u001b[0m \u001b[0m\u001b[0m\u001b[1m\u001b[38;5;12m|\u001b[0m\u001b[0m \u001b[0m\u001b[0m\u001b[1m\u001b[38;5;9m|\u001b[0m\u001b[0m \u001b[0m\u001b[0m                    OK(parsed) => println!(\"Success! {:?}\", parsed),\u001b[0m\n\u001b[0m\u001b[1m\u001b[38;5;12m85\u001b[0m\u001b[0m \u001b[0m\u001b[0m\u001b[1m\u001b[38;5;12m|\u001b[0m\u001b[0m \u001b[0m\u001b[0m\u001b[1m\u001b[38;5;9m|\u001b[0m\u001b[0m \u001b[0m\u001b[0m                    Err(_) => println!(\"Hm, error\"),\u001b[0m\n\u001b[0m\u001b[1m\u001b[38;5;12m86\u001b[0m\u001b[0m \u001b[0m\u001b[0m\u001b[1m\u001b[38;5;12m|\u001b[0m\u001b[0m \u001b[0m\u001b[0m\u001b[1m\u001b[38;5;9m|\u001b[0m\u001b[0m \u001b[0m\u001b[0m                };\u001b[0m\n\u001b[0m\u001b[1m\u001b[38;5;12m87\u001b[0m\u001b[0m \u001b[0m\u001b[0m\u001b[1m\u001b[38;5;12m|\u001b[0m\u001b[0m \u001b[0m\u001b[0m\u001b[1m\u001b[38;5;9m|\u001b[0m\u001b[0m \u001b[0m\u001b[0m            }\u001b[0m\n\u001b[0m   \u001b[0m\u001b[0m\u001b[1m\u001b[38;5;12m| \u001b[0m\u001b[0m\u001b[1m\u001b[38;5;9m|_____________^\u001b[0m\u001b[0m \u001b[0m\u001b[0m\u001b[1m\u001b[38;5;9mexpected enum `Result`, found `()`\u001b[0m\n\u001b[0m   \u001b[0m\u001b[0m\u001b[1m\u001b[38;5;12m|\u001b[0m\n\u001b[0m   \u001b[0m\u001b[0m\u001b[1m\u001b[38;5;12m= \u001b[0m\u001b[0m\u001b[1mnote\u001b[0m\u001b[0m:   expected enum `\u001b[0m\u001b[0m\u001b[1mResult<(), reqwest::Error>\u001b[0m\u001b[0m`\u001b[0m\n\u001b[0m           found unit type `\u001b[0m\u001b[0m\u001b[1m()\u001b[0m\u001b[0m`\u001b[0m\n\n"}
{"message":"mismatched types","code":{"code":"E0308","explanation":"Expected type did not match the received type.\n\nErroneous code examples:\n\n```compile_fail,E0308\nfn plus_one(x: i32) -> i32 {\n    x + 1\n}\n\nplus_one(\"Not a number\");\n//       ^^^^^^^^^^^^^^ expected `i32`, found `&str`\n\nif \"Not a bool\" {\n// ^^^^^^^^^^^^ expected `bool`, found `&str`\n}\n\nlet x: f32 = \"Not a float\";\n//     ---   ^^^^^^^^^^^^^ expected `f32`, found `&str`\n//     |\n//     expected due to this\n```\n\nThis error occurs when an expression was used in a place where the compiler\nexpected an expression of a different type. It can occur in several cases, the\nmost common being when calling a function and passing an argument which has a\ndifferent type than the matching type in the function declaration.\n"},"level":"error","spans":[{"file_name":"src/apstra_client.rs","byte_start":3101,"byte_end":3170,"line_start":88,"line_end":90,"column_start":50,"column_end":14,"is_primary":true,"text":[{"text":"            reqwest::StatusCode::UNAUTHORIZED => {","highlight_start":50,"highlight_end":51},{"text":"                println!(\"Need to grab a new token\");","highlight_start":1,"highlight_end":54},{"text":"            }","highlight_start":1,"highlight_end":14}],"label":"expected enum `Result`, found `()`","suggested_replacement":null,"suggestion_applicability":null,"expansion":null}],"children":[{"message":"  expected enum `Result<(), reqwest::Error>`\nfound unit type `()`","code":null,"level":"note","spans":[],"children":[],"rendered":null}],"rendered":"\u001b[0m\u001b[1m\u001b[38;5;9merror[E0308]\u001b[0m\u001b[0m\u001b[1m: mismatched types\u001b[0m\n\u001b[0m  \u001b[0m\u001b[0m\u001b[1m\u001b[38;5;12m--> \u001b[0m\u001b[0msrc/apstra_client.rs:88:50\u001b[0m\n\u001b[0m   \u001b[0m\u001b[0m\u001b[1m\u001b[38;5;12m|\u001b[0m\n\u001b[0m\u001b[1m\u001b[38;5;12m88\u001b[0m\u001b[0m \u001b[0m\u001b[0m\u001b[1m\u001b[38;5;12m|\u001b[0m\u001b[0m   \u001b[0m\u001b[0m            reqwest::StatusCode::UNAUTHORIZED => {\u001b[0m\n\u001b[0m   \u001b[0m\u001b[0m\u001b[1m\u001b[38;5;12m| \u001b[0m\u001b[0m \u001b[0m\u001b[0m\u001b[1m\u001b[38;5;9m__________________________________________________^\u001b[0m\n\u001b[0m\u001b[1m\u001b[38;5;12m89\u001b[0m\u001b[0m \u001b[0m\u001b[0m\u001b[1m\u001b[38;5;12m|\u001b[0m\u001b[0m \u001b[0m\u001b[0m\u001b[1m\u001b[38;5;9m|\u001b[0m\u001b[0m \u001b[0m\u001b[0m                println!(\"Need to grab a new token\");\u001b[0m\n\u001b[0m\u001b[1m\u001b[38;5;12m90\u001b[0m\u001b[0m \u001b[0m\u001b[0m\u001b[1m\u001b[38;5;12m|\u001b[0m\u001b[0m \u001b[0m\u001b[0m\u001b[1m\u001b[38;5;9m|\u001b[0m\u001b[0m \u001b[0m\u001b[0m            }\u001b[0m\n\u001b[0m   \u001b[0m\u001b[0m\u001b[1m\u001b[38;5;12m| \u001b[0m\u001b[0m\u001b[1m\u001b[38;5;9m|_____________^\u001b[0m\u001b[0m \u001b[0m\u001b[0m\u001b[1m\u001b[38;5;9mexpected enum `Result`, found `()`\u001b[0m\n\u001b[0m   \u001b[0m\u001b[0m\u001b[1m\u001b[38;5;12m|\u001b[0m\n\u001b[0m   \u001b[0m\u001b[0m\u001b[1m\u001b[38;5;12m= \u001b[0m\u001b[0m\u001b[1mnote\u001b[0m\u001b[0m:   expected enum `\u001b[0m\u001b[0m\u001b[1mResult<(), reqwest::Error>\u001b[0m\u001b[0m`\u001b[0m\n\u001b[0m           found unit type `\u001b[0m\u001b[0m\u001b[1m()\u001b[0m\u001b[0m`\u001b[0m\n\n"}
{"message":"aborting due to 6 previous errors","code":null,"level":"error","spans":[],"children":[],"rendered":"\u001b[0m\u001b[1m\u001b[38;5;9merror\u001b[0m\u001b[0m\u001b[1m: aborting due to 6 previous errors\u001b[0m\n\n"}
{"message":"Some errors have detailed explanations: E0308, E0412, E0531, E0599.","code":null,"level":"failure-note","spans":[],"children":[],"rendered":"\u001b[0m\u001b[1mSome errors have detailed explanations: E0308, E0412, E0531, E0599.\u001b[0m\n"}
{"message":"For more information about an error, try `rustc --explain E0308`.","code":null,"level":"failure-note","spans":[],"children":[],"rendered":"\u001b[0m\u001b[1mFor more information about an error, try `rustc --explain E0308`.\u001b[0m\n"}
